<?xml version="1.0" encoding="UTF-8"?>
<!-- Generated by org.testng.reporters.JUnitReportReporter -->
<testsuite hostname="DESKTOP-T0QIQT9" failures="0" tests="2" name="com.testng.dataproviderTest" time="0.018" errors="0" timestamp="2023-09-15T17:18:44 IST" skipped="0">
  <testcase classname="com.testng.dataproviderTest" name="getData" time="0.002"/>
  <system-out/>
  <testcase classname="com.testng.dataproviderTest" name="getData" time="0.016"/>
  <system-out/>
</testsuite> <!-- com.testng.dataproviderTest -->
