<?xml version="1.0" encoding="UTF-8"?>
<!-- Generated by org.testng.reporters.JUnitReportReporter -->
<testsuite hostname="DESKTOP-T0QIQT9" failures="0" tests="3" name="com.testng.OpenACTest" time="0.010" errors="0" timestamp="2023-09-20T06:22:14 IST" skipped="0">
  <testcase classname="com.testng.OpenACTest" name="openacTest" time="0.008"/>
  <system-out/>
  <testcase classname="com.testng.OpenACTest" name="internetTest" time="0.001"/>
  <system-out/>
  <testcase classname="com.testng.OpenACTest" name="fundtransferTest" time="0.001"/>
  <system-out/>
</testsuite> <!-- com.testng.OpenACTest -->
