<?xml version="1.0" encoding="UTF-8"?>
<!-- Generated by org.testng.reporters.JUnitReportReporter -->
<testsuite hostname="DESKTOP-T0QIQT9" failures="0" tests="1" name="finalmock.mock" time="18.139" errors="0" timestamp="2023-11-04T11:05:34 IST" skipped="0">
  <testcase classname="finalmock.mock" name="amazon" time="18.139"/>
  <system-out/>
</testsuite> <!-- finalmock.mock -->
