<?xml version="1.0" encoding="UTF-8"?>
<!-- Generated by org.testng.reporters.JUnitReportReporter -->
<testsuite hostname="DESKTOP-T0QIQT9" failures="0" tests="3" name="com.testng.Dpexcel2Test" time="0.009" errors="0" timestamp="2023-09-20T06:47:51 IST" skipped="0">
  <testcase classname="com.testng.Dpexcel2Test" name="getdata" time="0.002"/>
  <system-out/>
  <testcase classname="com.testng.Dpexcel2Test" name="getdata" time="0.001"/>
  <system-out/>
  <testcase classname="com.testng.Dpexcel2Test" name="getdata" time="0.006"/>
  <system-out/>
</testsuite> <!-- com.testng.Dpexcel2Test -->
