<?xml version="1.0" encoding="UTF-8"?>
<!-- Generated by org.testng.reporters.JUnitReportReporter -->
<testsuite hostname="DESKTOP-T0QIQT9" failures="0" tests="2" name="com.testng.Sample" time="0.002" errors="0" timestamp="2023-09-20T07:19:31 IST" skipped="0">
  <testcase classname="com.testng.Sample" name="sampletest" time="0.001"/>
  <system-out/>
  <testcase classname="com.testng.Sample" name="sampletest" time="0.001"/>
  <system-out/>
</testsuite> <!-- com.testng.Sample -->
