<?xml version="1.0" encoding="UTF-8"?>
<!-- Generated by org.testng.reporters.JUnitReportReporter -->
<testsuite hostname="DESKTOP-T0QIQT9" failures="0" tests="1" name="com.bankingsoftcode.LoginToStaffLoginTest" time="0.359" errors="0" timestamp="2023-09-20T17:23:50 IST" skipped="0">
  <testcase classname="com.bankingsoftcode.LoginToStaffLoginTest" name="loginToStaff" time="0.359"/>
  <system-out/>
</testsuite> <!-- com.bankingsoftcode.LoginToStaffLoginTest -->
