<?xml version="1.0" encoding="UTF-8"?>
<!-- Generated by org.testng.reporters.JUnitReportReporter -->
<testsuite hostname="DESKTOP-T0QIQT9" failures="0" tests="3" name="com.testng.DataProviderTest1" time="0.030" errors="0" timestamp="2023-09-19T10:08:52 IST" skipped="0">
  <testcase classname="com.testng.DataProviderTest1" name="getdata" time="0.025"/>
  <system-out/>
  <testcase classname="com.testng.DataProviderTest1" name="getdata" time="0.003"/>
  <system-out/>
  <testcase classname="com.testng.DataProviderTest1" name="getdata" time="0.002"/>
  <system-out/>
</testsuite> <!-- com.testng.DataProviderTest1 -->
