<?xml version="1.0" encoding="UTF-8"?>
<!-- Generated by org.testng.reporters.JUnitReportReporter -->
<testsuite hostname="DESKTOP-T0QIQT9" failures="0" tests="1" name="com.bankingsoftcode.ApplyForOpenAcTest" time="0.510" errors="0" timestamp="2023-09-21T13:29:00 IST" skipped="0">
  <testcase classname="com.bankingsoftcode.ApplyForOpenAcTest" name="applyAc" time="0.510"/>
  <system-out>
    <![CDATA[applyAc---->Execution starts
applyAc---->Testscript executed successfully]]>
  </system-out>
</testsuite> <!-- com.bankingsoftcode.ApplyForOpenAcTest -->
