<?xml version="1.0" encoding="UTF-8"?>
<!-- Generated by org.testng.reporters.JUnitReportReporter -->
<testsuite hostname="DESKTOP-T0QIQT9" failures="0" tests="1" name="com.bankingsoftcode.CreditTest" time="5.449" errors="0" timestamp="2023-09-21T13:29:00 IST" skipped="0">
  <testcase classname="com.bankingsoftcode.CreditTest" name="creditTest" time="5.449"/>
  <system-out>
    <![CDATA[creditTest---->Execution starts
creditTest---->Testscript executed successfully]]>
  </system-out>
</testsuite> <!-- com.bankingsoftcode.CreditTest -->
