<?xml version="1.0" encoding="UTF-8"?>
<!-- Generated by org.testng.reporters.JUnitReportReporter -->
<testsuite hostname="DESKTOP-T0QIQT9" failures="0" tests="2" name="com.testng.DPExTest" time="0.026" errors="0" timestamp="2023-09-15T13:30:51 IST" skipped="0">
  <testcase classname="com.testng.DPExTest" name="getdata" time="0.003"/>
  <system-out/>
  <testcase classname="com.testng.DPExTest" name="getdata" time="0.023"/>
  <system-out/>
</testsuite> <!-- com.testng.DPExTest -->
