<?xml version="1.0" encoding="UTF-8"?>
<!-- Generated by org.testng.reporters.JUnitReportReporter -->
<testsuite hostname="DESKTOP-T0QIQT9" failures="0" tests="1" name="com.practice1.Testcript" time="5.449" errors="0" timestamp="2023-09-16T15:15:34 IST" skipped="0">
  <testcase classname="com.practice1.Testcript" name="login" time="5.449"/>
  <system-out/>
</testsuite> <!-- com.practice1.Testcript -->
