<?xml version="1.0" encoding="UTF-8"?>
<!-- Generated by org.testng.reporters.JUnitReportReporter -->
<testsuite hostname="DESKTOP-T0QIQT9" failures="0" tests="3" name="com.testng.DPpractice1" time="0.007" errors="0" timestamp="2023-09-20T06:43:32 IST" skipped="0">
  <testcase classname="com.testng.DPpractice1" name="getdata" time="0.005"/>
  <system-out/>
  <testcase classname="com.testng.DPpractice1" name="getdata" time="0.001"/>
  <system-out/>
  <testcase classname="com.testng.DPpractice1" name="getdata" time="0.001"/>
  <system-out/>
</testsuite> <!-- com.testng.DPpractice1 -->
