<?xml version="1.0" encoding="UTF-8"?>
<!-- Generated by org.testng.reporters.JUnitReportReporter -->
<testsuite hostname="DESKTOP-T0QIQT9" failures="0" tests="2" name="com.testng.AnnotationTest" time="0.020" errors="0" timestamp="2023-09-21T09:44:12 IST" skipped="0">
  <testcase classname="com.testng.AnnotationTest" name="test2" time="0.005"/>
  <system-out/>
  <testcase classname="com.testng.AnnotationTest" name="sample" time="0.015"/>
  <system-out/>
</testsuite> <!-- com.testng.AnnotationTest -->
